[18:50:47] [main/INFO]: Setting user: Player31
[18:50:48] [Client thread/INFO]: LWJGL Version: 2.9.0
[18:50:50] [Client thread/INFO]: Reloading ResourceManager: Default, FMLFileResourcePack:Forge Mod Loader, FMLFileResourcePack:Minecraft Forge, FMLFileResourcePack:Example Mod
[18:50:51] [Sound Library Loader/INFO]: Sound engine started
[18:50:51] [Client thread/INFO]: Created: 512x256 textures/blocks-atlas
[18:50:51] [Client thread/INFO]: Created: 256x256 textures/items-atlas
[18:50:51] [Client thread/INFO]: Reloading ResourceManager: Default, FMLFileResourcePack:Forge Mod Loader, FMLFileResourcePack:Minecraft Forge, FMLFileResourcePack:Example Mod
[18:50:51] [Client thread/INFO]: Created: 256x256 textures/items-atlas
[18:50:51] [Client thread/ERROR]: Using missing texture, unable to load icons:textures/blocks/icon_16x16.png
java.io.FileNotFoundException: icons:textures/blocks/icon_16x16.png
	at net.minecraft.client.resources.SimpleReloadableResourceManager.getResource(SimpleReloadableResourceManager.java:71) ~[SimpleReloadableResourceManager.class:?]
	at net.minecraft.client.renderer.texture.TextureMap.loadTextureAtlas(TextureMap.java:126) [TextureMap.class:?]
	at net.minecraft.client.renderer.texture.TextureMap.loadTexture(TextureMap.java:91) [TextureMap.class:?]
	at net.minecraft.client.renderer.texture.TextureManager.loadTexture(TextureManager.java:89) [TextureManager.class:?]
	at net.minecraft.client.renderer.texture.TextureManager.onResourceManagerReload(TextureManager.java:170) [TextureManager.class:?]
	at net.minecraft.client.resources.SimpleReloadableResourceManager.notifyReloadListeners(SimpleReloadableResourceManager.java:134) [SimpleReloadableResourceManager.class:?]
	at net.minecraft.client.resources.SimpleReloadableResourceManager.reloadResources(SimpleReloadableResourceManager.java:118) [SimpleReloadableResourceManager.class:?]
	at net.minecraft.client.Minecraft.refreshResources(Minecraft.java:624) [Minecraft.class:?]
	at cpw.mods.fml.client.FMLClientHandler.finishMinecraftLoading(FMLClientHandler.java:283) [FMLClientHandler.class:?]
	at net.minecraft.client.Minecraft.startGame(Minecraft.java:583) [Minecraft.class:?]
	at net.minecraft.client.Minecraft.run(Minecraft.java:890) [Minecraft.class:?]
	at net.minecraft.client.main.Main.main(Main.java:112) [Main.class:?]
	at sun.reflect.NativeMethodAccessorImpl.invoke0(Native Method) ~[?:1.7.0_51]
	at sun.reflect.NativeMethodAccessorImpl.invoke(Unknown Source) ~[?:1.7.0_51]
	at sun.reflect.DelegatingMethodAccessorImpl.invoke(Unknown Source) ~[?:1.7.0_51]
	at java.lang.reflect.Method.invoke(Unknown Source) ~[?:1.7.0_51]
	at net.minecraft.launchwrapper.Launch.launch(Launch.java:134) [launchwrapper-1.9.jar:?]
	at net.minecraft.launchwrapper.Launch.main(Launch.java:28) [launchwrapper-1.9.jar:?]
[18:50:51] [Client thread/INFO]: Created: 512x256 textures/blocks-atlas
[18:50:52] [Sound Library Loader/INFO]: Sound engine started
[18:50:52] [MCO Availability Checker #1/ERROR]: Couldn't connect to Realms
[18:51:03] [Server thread/INFO]: Starting integrated minecraft server version 1.7.2
[18:51:03] [Server thread/INFO]: Generating keypair
[18:51:03] [Server thread/INFO]: Converting map!
[18:51:03] [Server thread/INFO]: Scanning folders...
[18:51:03] [Server thread/INFO]: Total conversion count is 0
[18:51:04] [Server thread/INFO]: Preparing start region for level 0
[18:51:05] [Server thread/INFO]: Preparing spawn area: 12%
[18:51:06] [Server thread/INFO]: Preparing spawn area: 30%
[18:51:07] [Server thread/INFO]: Preparing spawn area: 47%
[18:51:08] [Server thread/INFO]: Preparing spawn area: 62%
[18:51:09] [Server thread/INFO]: Preparing spawn area: 76%
[18:51:10] [Server thread/INFO]: Preparing spawn area: 92%
[18:51:11] [Server thread/INFO]: Player31[local:E:b921fb8c] logged in with entity id 133 at (152.5, 65.0, 196.5)
[18:51:11] [Server thread/INFO]: Player31 joined the game
[18:51:17] [Client thread/INFO]: Warning: Clientside chunk ticking took 158 ms
[18:51:18] [Client thread/INFO]: Warning: Clientside chunk ticking took 137 ms
[18:51:19] [Client thread/INFO]: Warning: Clientside chunk ticking took 158 ms
[18:51:19] [Client thread/INFO]: Warning: Clientside chunk ticking took 135 ms
[18:51:48] [Server thread/INFO]: Saving and pausing game...
[18:51:48] [Server thread/INFO]: Saving chunks for level 'New World'/Overworld
[18:51:48] [Server thread/INFO]: Saving chunks for level 'New World'/Nether
[18:51:48] [Server thread/INFO]: Saving chunks for level 'New World'/The End
[18:51:51] [Server thread/INFO]: Stopping server
[18:51:51] [Server thread/INFO]: Saving players
[18:51:51] [Server thread/INFO]: Saving worlds
[18:51:51] [Server thread/INFO]: Saving chunks for level 'New World'/Overworld
[18:51:51] [Server thread/INFO]: Saving chunks for level 'New World'/Nether
[18:51:51] [Server thread/INFO]: Saving chunks for level 'New World'/The End
[18:51:56] [Client thread/INFO]: Stopping!
